#
# There is insufficient memory for the Java Runtime Environment to continue.
# Native memory allocation (malloc) failed to allocate 1048576 bytes for AllocateHeap
# Possible reasons:
#   The system is out of physical RAM or swap space
#   The process is running with CompressedOops enabled, and the Java Heap may be blocking the growth of the native heap
# Possible solutions:
#   Reduce memory load on the system
#   Increase physical memory or swap space
#   Check if swap backing store is full
#   Decrease Java heap size (-Xmx/-Xms)
#   Decrease number of Java threads
#   Decrease Java thread stack sizes (-Xss)
#   Set larger code cache with -XX:ReservedCodeCacheSize=
#   JVM is running with Unscaled Compressed Oops mode in which the Java heap is
#     placed in the first 4GB address space. The Java Heap base address is the
#     maximum limit for the native heap growth. Please use -XX:HeapBaseMinAddress
#     to set the Java Heap base and to place the Java Heap above 4GB virtual address.
# This output file may be truncated or incomplete.
#
#  Out of Memory Error (memory/allocation.inline.hpp:61), pid=400, tid=0x0000000000003598
#
# JRE version:  (8.0) (build )
# Java VM: OpenJDK 64-Bit Server VM (25.71-b00 mixed mode windows-amd64 compressed oops)
# Failed to write core dump. Minidumps are not enabled by default on client versions of Windows
#

---------------  T H R E A D  ---------------

Current thread (0x00000000014ce000):  JavaThread "Unknown thread" [_thread_in_vm, id=13720, stack(0x0000000002c90000,0x0000000002d90000)]

Stack: [0x0000000002c90000,0x0000000002d90000]
[error occurred during error reporting (printing stack bounds), id 0xc0000005]

Native frames: (J=compiled Java code, j=interpreted, Vv=VM code, C=native code)


---------------  P R O C E S S  ---------------

Java Threads: ( => current thread )

Other Threads:

=>0x00000000014ce000 (exited) JavaThread "Unknown thread" [_thread_in_vm, id=13720, stack(0x0000000002c90000,0x0000000002d90000)]

VM state:not at safepoint (normal execution)

VM Mutex/Monitor currently owned by a thread: None

heap address: 0x0000000082800000, size: 2008 MB, Compressed Oops mode: 32-bit
Narrow klass base: 0x0000000000000000, Narrow klass shift: 3
Compressed class space size: 1073741824 Address: 0x0000000100000000

Heap:
 PSYoungGen      total 37888K, used 655K [0x00000000d6300000, 0x00000000d8d00000, 0x0000000100000000)
  eden space 32768K, 2% used [0x00000000d6300000,0x00000000d63a3d80,0x00000000d8300000)
  from space 5120K, 0% used [0x00000000d8800000,0x00000000d8800000,0x00000000d8d00000)
  to   space 5120K, 0% used [0x00000000d8300000,0x00000000d8300000,0x00000000d8800000)
 ParOldGen       total 86016K, used 0K [0x0000000082800000, 0x0000000087c00000, 0x00000000d6300000)
  object space 86016K, 0% used [0x0000000082800000,0x0000000082800000,0x0000000087c00000)
 Metaspace       used 777K, capacity 4480K, committed 4480K, reserved 1056768K
  class space    used 74K, capacity 384K, committed 384K, reserved 1048576K

Card table byte_map: [0x0000000012320000,0x0000000012710000] byte_map_base: 0x0000000011f0c000

Marking Bits: (ParMarkBitMap*) 0x0000000057838f30
 Begin Bits: [0x00000000131b0000, 0x0000000015110000)
 End Bits:   [0x0000000015110000, 0x0000000017070000)

Polling page: 0x0000000000f40000

CodeCache: size=245760Kb used=328Kb max_used=328Kb free=245431Kb
 bounds [0x0000000002f60000, 0x00000000031d0000, 0x0000000011f60000]
 total_blobs=57 nmethods=0 adapters=38
 compilation: enabled

Compilation events (0 events):
No events

GC Heap History (0 events):
No events

Deoptimization events (0 events):
No events

Classes redefined (0 events):
No events

Internal exceptions (0 events):
No events

Events (10 events):
Event: 0.031 loading class java/lang/Short
Event: 0.031 loading class java/lang/Short done
Event: 0.031 loading class java/lang/Integer
Event: 0.031 loading class java/lang/Integer done
Event: 0.031 loading class java/lang/Long
Event: 0.031 loading class java/lang/Long done
Event: 0.032 loading class java/lang/NullPointerException
Event: 0.032 loading class java/lang/NullPointerException done
Event: 0.032 loading class java/lang/ArithmeticException
Event: 0.032 loading class java/lang/ArithmeticException done


Dynamic libraries:
0x00007ff6c5240000 - 0x00007ff6c5275000 	C:\Program Files\Android\Jdk\microsoft_dist_openjdk_1.8.0.25\bin\java.exe
0x00007ff942c40000 - 0x00007ff942e30000 	C:\WINDOWS\SYSTEM32\ntdll.dll
0x00007ff940f20000 - 0x00007ff940fd2000 	C:\WINDOWS\System32\KERNEL32.DLL
0x00007ff93fcd0000 - 0x00007ff93ff73000 	C:\WINDOWS\System32\KERNELBASE.dll
0x00007ff940fe0000 - 0x00007ff941083000 	C:\WINDOWS\System32\ADVAPI32.dll
0x00007ff942a50000 - 0x00007ff942aee000 	C:\WINDOWS\System32\msvcrt.dll
0x00007ff941230000 - 0x00007ff9412c7000 	C:\WINDOWS\System32\sechost.dll
0x00007ff941980000 - 0x00007ff941aa0000 	C:\WINDOWS\System32\RPCRT4.dll
0x00007ff940d20000 - 0x00007ff940eb4000 	C:\WINDOWS\System32\USER32.dll
0x00007ff9403c0000 - 0x00007ff9403e1000 	C:\WINDOWS\System32\win32u.dll
0x00007ff940cf0000 - 0x00007ff940d16000 	C:\WINDOWS\System32\GDI32.dll
0x00007ff9400b0000 - 0x00007ff940244000 	C:\WINDOWS\System32\gdi32full.dll
0x00007ff93ffb0000 - 0x00007ff94004e000 	C:\WINDOWS\System32\msvcp_win.dll
0x00007ff93fbd0000 - 0x00007ff93fcca000 	C:\WINDOWS\System32\ucrtbase.dll
0x00007ff92c200000 - 0x00007ff92c485000 	C:\WINDOWS\WinSxS\amd64_microsoft.windows.common-controls_6595b64144ccf1df_6.0.18362.592_none_e6c0b1911312be02\COMCTL32.dll
0x00007ff942320000 - 0x00007ff942656000 	C:\WINDOWS\System32\combase.dll
0x00007ff940b70000 - 0x00007ff940bf0000 	C:\WINDOWS\System32\bcryptPrimitives.dll
0x00007ff941c00000 - 0x00007ff941c2e000 	C:\WINDOWS\System32\IMM32.DLL
0x00000000578c0000 - 0x0000000057991000 	C:\Program Files\Android\Jdk\microsoft_dist_openjdk_1.8.0.25\jre\bin\msvcr100.dll
0x0000000057070000 - 0x00000000578b5000 	C:\Program Files\Android\Jdk\microsoft_dist_openjdk_1.8.0.25\jre\bin\server\jvm.dll
0x00007ff941970000 - 0x00007ff941978000 	C:\WINDOWS\System32\PSAPI.DLL
0x00007ff922300000 - 0x00007ff922309000 	C:\WINDOWS\SYSTEM32\WSOCK32.dll
0x00007ff9306a0000 - 0x00007ff9306aa000 	C:\WINDOWS\SYSTEM32\VERSION.dll
0x00007ff938f60000 - 0x00007ff938f84000 	C:\WINDOWS\SYSTEM32\WINMM.dll
0x00007ff9429e0000 - 0x00007ff942a4f000 	C:\WINDOWS\System32\WS2_32.dll
0x00007ff938bd0000 - 0x00007ff938bfd000 	C:\WINDOWS\SYSTEM32\winmmbase.dll
0x00007ff940bf0000 - 0x00007ff940c3a000 	C:\WINDOWS\System32\cfgmgr32.dll
0x00007ff93ad30000 - 0x00007ff93ad3f000 	C:\Program Files\Android\Jdk\microsoft_dist_openjdk_1.8.0.25\jre\bin\verify.dll
0x00007ff920cd0000 - 0x00007ff920cf9000 	C:\Program Files\Android\Jdk\microsoft_dist_openjdk_1.8.0.25\jre\bin\java.dll
0x00007ff93a790000 - 0x00007ff93a7a6000 	C:\Program Files\Android\Jdk\microsoft_dist_openjdk_1.8.0.25\jre\bin\zip.dll

VM Arguments:
java_command: <unknown>
java_class_path (initial): .
Launcher Type: SUN_STANDARD

Environment Variables:
PATH=C:\Program Files\Android\Jdk\microsoft_dist_openjdk_1.8.0.25\bin;K:\app\kulde\product\11.2.0\dbhome_1\bin;C:\Program Files (x86)\Common Files\Oracle\Java\javapath;C:\Windows\system32;C:\Windows;C:\Windows\System32\Wbem;C:\Windows\System32\WindowsPowerShell\v1.0\;C:\Windows\System32\OpenSSH\;C:\Program Files (x86)\NVIDIA Corporation\PhysX\Common;C:\Program Files (x86)\Intel\Intel(R) Management Engine Components\DAL;C:\Program Files\Intel\Intel(R) Management Engine Components\DAL;C:\WINDOWS\system32;C:\WINDOWS;C:\WINDOWS\System32\Wbem;C:\WINDOWS\System32\WindowsPowerShell\v1.0\;C:\WINDOWS\System32\OpenSSH\;C:\Program Files\dotnet\;C:\Program Files\Microsoft SQL Server\130\Tools\Binn\;C:\ProgramData\chocolatey\bin;C:\Program Files\Microsoft SQL Server\Client SDK\ODBC\170\Tools\Binn\;C:\Program Files\Git\cmd;C:\Users\kulde\AppData\Local\Microsoft\WindowsApps;C:\Program Files\Java\jdk1.8.0_191\bin;C:\Users\kulde\AppData\Local\atom\bin;C:\Users\kulde\AppData\Local\Microsoft\WindowsApps;C:\Users\kulde\AppData\Local\Programs\Microsoft VS Code\bin
USERNAME=kulde
OS=Windows_NT
PROCESSOR_IDENTIFIER=Intel64 Family 6 Model 142 Stepping 10, GenuineIntel



---------------  S Y S T E M  ---------------

OS: Windows 10.0 , 64 bit Build 18362 (10.0.18362.329)

CPU:total 8 (initial active 8) (4 cores per cpu, 2 threads per core) family 6 model 142 stepping 10, cmov, cx8, fxsr, mmx, sse, sse2, sse3, ssse3, sse4.1, sse4.2, popcnt, avx, avx2, aes, clmul, erms, 3dnowpref, lzcnt, ht, tsc, tscinvbit, bmi1, bmi2, adx

Memory: 4k page, physical 8218476k(1981580k free), swap 10163052k(5564k free)

vm_info: OpenJDK 64-Bit Server VM (25.71-b00) for windows-amd64 JRE (1.8.0-25-microsoft-b00), built on Feb  7 2019 20:09:14 by "builder" with MS VC++ 10.0 (VS2010)

time: Sun Apr 05 11:22:45 2020
timezone: Eastern Daylight Time
elapsed time: 0 seconds (0d 0h 0m 0s)

